<?xml version="1.0" encoding="UTF-8"?>
<testsuite xmlns:xsi="http://www.w3.org/2001/XMLSchema-instance" xsi:noNamespaceSchemaLocation="https://maven.apache.org/surefire/maven-surefire-plugin/xsd/surefire-test-report-3.0.xsd" version="3.0" name="com.blackcode.helpdesk.ApplicationPropertiesTests" time="9.777" tests="1" errors="0" skipped="0" failures="0">
  <properties>
[...]
</properties>
  <testcase name="contextLoads" classname="com.blackcode.helpdesk.ApplicationPropertiesTests" time="1.669">
    <system-out><![CDATA[17:16:50.473 [main] INFO org.springframework.test.context.support.AnnotationConfigContextLoaderUtils -- Could not detect default configuration classes for test class [com.blackcode.helpdesk.ApplicationPropertiesTests]: ApplicationPropertiesTests does not declare any static, non-private, non-final, nested classes annotated with @Configuration.
17:16:50.671 [main] INFO org.springframework.boot.test.context.SpringBootTestContextBootstrapper -- Found @SpringBootConfiguration com.blackcode.helpdesk.HelpdeskApplicationts for test class com.blackcode.helpdesk.ApplicationPropertiesTests
17:16:50.966 [main] INFO org.springframework.boot.devtools.restart.RestartApplicationListener -- Restart disabled due to context in which it is running
  .   ____          _            __ _ _
 /\\ / ___'_ __ _ _(_)_ __  __ _ \ \ \ \
( ( )\___ | '_ | '_| | '_ \/ _` | \ \ \ \
 \\/  ___)| |_)| | | | | || (_| |  ) ) ) )
  '  |____| .__|_| |_|_| |_\__, | / / / /
 =========|_|==============|___/=/_/_/_/

 :: Spring Boot ::                (v3.3.0)

2024-06-20T17:16:51.366-03:00  INFO 31432 --- [           main] c.b.helpdesk.ApplicationPropertiesTests  : Starting ApplicationPropertiesTests using Java 17.0.9 with PID 31432 (started by Anderson_windowsPRO in e:\ProjetosProgramacao_2024\ProjetoProg_JAVA\Java.V.17_QUARKUS\helpdesk_teste\helpdesk)
2024-06-20T17:16:51.369-03:00  INFO 31432 --- [           main] c.b.helpdesk.ApplicationPropertiesTests  : No active profile set, falling back to 1 default profile: "default"
2024-06-20T17:16:52.734-03:00  INFO 31432 --- [           main] .s.d.r.c.RepositoryConfigurationDelegate : Bootstrapping Spring Data JPA repositories in DEFAULT mode.
2024-06-20T17:16:52.868-03:00  INFO 31432 --- [           main] .s.d.r.c.RepositoryConfigurationDelegate : Finished Spring Data repository scanning in 113 ms. Found 4 JPA repository interfaces.
2024-06-20T17:16:53.772-03:00  INFO 31432 --- [           main] com.zaxxer.hikari.HikariDataSource       : HikariPool-1 - Starting...
2024-06-20T17:16:54.120-03:00  INFO 31432 --- [           main] com.zaxxer.hikari.pool.HikariPool        : HikariPool-1 - Added connection conn0: url=jdbc:h2:mem:ffcd3a2f-8370-40c6-ae1b-f8cf0c680ad9 user=SA
2024-06-20T17:16:54.122-03:00  INFO 31432 --- [           main] com.zaxxer.hikari.HikariDataSource       : HikariPool-1 - Start completed.
2024-06-20T17:16:54.211-03:00  INFO 31432 --- [           main] o.hibernate.jpa.internal.util.LogHelper  : HHH000204: Processing PersistenceUnitInfo [name: default]
2024-06-20T17:16:54.327-03:00  INFO 31432 --- [           main] org.hibernate.Version                    : HHH000412: Hibernate ORM core version 6.5.2.Final
2024-06-20T17:16:54.390-03:00  INFO 31432 --- [           main] o.h.c.internal.RegionFactoryInitiator    : HHH000026: Second-level cache disabled
2024-06-20T17:16:55.054-03:00  INFO 31432 --- [           main] o.s.o.j.p.SpringPersistenceUnitInfo      : No LoadTimeWeaver setup: ignoring JPA class transformer
2024-06-20T17:16:56.536-03:00  INFO 31432 --- [           main] o.h.e.t.j.p.i.JtaPlatformInitiator       : HHH000489: No JTA platform available (set 'hibernate.transaction.jta.platform' to enable JTA platform integration)
2024-06-20T17:16:56.620-03:00  INFO 31432 --- [           main] j.LocalContainerEntityManagerFactoryBean : Initialized JPA EntityManagerFactory for persistence unit 'default'
2024-06-20T17:16:57.409-03:00  WARN 31432 --- [           main] JpaBaseConfiguration$JpaWebConfiguration : spring.jpa.open-in-view is enabled by default. Therefore, database queries may be performed during view rendering. Explicitly configure spring.jpa.open-in-view to disable this warning
2024-06-20T17:16:58.220-03:00  INFO 31432 --- [           main] c.b.helpdesk.ApplicationPropertiesTests  : Started ApplicationPropertiesTests in 7.271 seconds (process running for 9.507)
DataSource: HikariDataSource (HikariPool-1)
]]></system-out>
  </testcase>
</testsuite>